<XML>
	<line-1>
		This is the first line of data
	</line-1>
</XML>
